[0.239s] Invoking command in '/home/gregory3/ros2_ws/build/my_robot_description': DEBUGINFOD_URLS=https://debuginfod.ubuntu.com /usr/bin/cmake --build /home/gregory3/ros2_ws/build/my_robot_description -- -j4 -l4
[0.273s] -- Found ament_cmake: 2.5.2 (/opt/ros/jazzy/share/ament_cmake/cmake)
[0.619s] Error parsing '/home/gregory3/ros2_ws/src/my_robot_description/package.xml':
[3.506s] Traceback (most recent call last):
[3.506s]   File "/opt/ros/jazzy/share/ament_cmake_core/cmake/core/package_xml_2_cmake.py", line 150, in <module>
[3.506s]     main()
[3.507s]   File "/opt/ros/jazzy/share/ament_cmake_core/cmake/core/package_xml_2_cmake.py", line 53, in main
[3.507s]     raise e
[3.507s]   File "/opt/ros/jazzy/share/ament_cmake_core/cmake/core/package_xml_2_cmake.py", line 49, in main
[3.507s]     package = parse_package_string(
[3.507s]               ^^^^^^^^^^^^^^^^^^^^^
[3.507s]   File "/usr/lib/python3/dist-packages/catkin_pkg/package.py", line 788, in parse_package_string
[3.507s]     pkg.validate(warnings=warnings)
[3.507s]   File "/usr/lib/python3/dist-packages/catkin_pkg/package.py", line 330, in validate
[3.507s]     raise InvalidPackage('\n'.join(errors), self.filename)
[3.508s] catkin_pkg.package.InvalidPackage: Error(s) in package '/home/gregory3/ros2_ws/src/my_robot_description/package.xml':
[3.508s] The package "my_robot_description" must not "exec_depend" on a package with the same name as this package
[3.555s] [31mCMake Error at /opt/ros/jazzy/share/ament_cmake_core/cmake/core/ament_package_xml.cmake:95 (message):
[3.555s]   execute_process(/usr/bin/python3
[3.555s]   /opt/ros/jazzy/share/ament_cmake_core/cmake/core/package_xml_2_cmake.py
[3.555s]   /home/gregory3/ros2_ws/src/my_robot_description/package.xml
[3.555s]   /home/gregory3/ros2_ws/build/my_robot_description/ament_cmake_core/package.cmake)
[3.555s]   returned error code 1
[3.555s] Call Stack (most recent call first):
[3.555s]   /opt/ros/jazzy/share/ament_cmake_core/cmake/core/ament_package_xml.cmake:49 (_ament_package_xml)
[3.555s]   /opt/ros/jazzy/share/ament_cmake_core/cmake/core/ament_package.cmake:63 (ament_package_xml)
[3.555s]   CMakeLists.txt:15 (ament_package)
[3.556s] 
[3.556s] [0m
[3.556s] -- Configuring incomplete, errors occurred!
[3.558s] gmake: *** [Makefile:226: cmake_check_build_system] Error 1
[3.560s] Invoked command in '/home/gregory3/ros2_ws/build/my_robot_description' returned '2': DEBUGINFOD_URLS=https://debuginfod.ubuntu.com /usr/bin/cmake --build /home/gregory3/ros2_ws/build/my_robot_description -- -j4 -l4
